INFO - RAF Client started
INFO - Connecting to localhost:5100...
ERROR - Error encoding SLE message: Error encoding PDU to ASN1: `OBJECT IDENTIFIER` must have at least two components.
INFO - RAF Client started
INFO - Connecting to localhost:5100...
INFO - Sending BIND invocation: SleBindInvocation { invoker_credentials: Unused, initiator_identifier: Implicit { _tag: PhantomData<rasn::types::tag::consts::VISIBLE_STRING>, value: "SLETT" }, responder_port_identifier: Implicit { _tag: PhantomData<rasn::types::tag::consts::VISIBLE_STRING>, value: "TMPORT" }, service_type: 0, version_number: 4, service_instance_identifier: [{ServiceInstanceAttributeInner { identifier: ObjectIdentifier([3, 112, 4, 3, 1, 2, 52]), si_attribute_value: Implicit { _tag: PhantomData<rasn::types::tag::consts::VISIBLE_STRING>, value: "sagr" } }}] }
ERROR - Error encoding SLE message: Error encoding PDU to ASN1: `OBJECT IDENTIFIER` must have at least two components.
INFO - RAF Client started
INFO - Connecting to localhost:5100...
INFO - Sending BIND invocation: SleBindInvocation { invoker_credentials: Unused, initiator_identifier: Implicit { _tag: PhantomData<rasn::types::tag::consts::VISIBLE_STRING>, value: "SLETT" }, responder_port_identifier: Implicit { _tag: PhantomData<rasn::types::tag::consts::VISIBLE_STRING>, value: "TMPORT" }, service_type: 0, version_number: 4, service_instance_identifier: [{ServiceInstanceAttributeInner { identifier: ObjectIdentifier([3, 112, 4, 3, 1, 2, 52]), si_attribute_value: Implicit { _tag: PhantomData<rasn::types::tag::consts::VISIBLE_STRING>, value: "3" } }}, {ServiceInstanceAttributeInner { identifier: ObjectIdentifier([3, 112, 4, 3, 1, 2, 53]), si_attribute_value: Implicit { _tag: PhantomData<rasn::types::tag::consts::VISIBLE_STRING>, value: "facility-PASS1" } }}, {ServiceInstanceAttributeInner { identifier: ObjectIdentifier([3, 112, 4, 3, 1, 2, 38]), si_attribute_value: Implicit { _tag: PhantomData<rasn::types::tag::consts::VISIBLE_STRING>, value: "1" } }}, {ServiceInstanceAttributeInner { identifier: ObjectIdentifier([3, 112, 4, 3, 1, 2, 22]), si_attribute_value: Implicit { _tag: PhantomData<rasn::types::tag::consts::VISIBLE_STRING>, value: "onlc1" } }}] }
ERROR - Error encoding SLE message: Error encoding PDU to ASN1: `OBJECT IDENTIFIER` must have at least two components.
INFO - RAF Client started
INFO - Connecting to localhost:5100...
INFO - Sending BIND invocation: SleBindInvocation { invoker_credentials: Unused, initiator_identifier: Implicit { _tag: PhantomData<rasn::types::tag::consts::VISIBLE_STRING>, value: "SLETT" }, responder_port_identifier: Implicit { _tag: PhantomData<rasn::types::tag::consts::VISIBLE_STRING>, value: "TMPORT" }, service_type: 0, version_number: 4, service_instance_identifier: [{ServiceInstanceAttributeInner { identifier: ObjectIdentifier([3, 112, 4, 3, 1, 2, 52]), si_attribute_value: Implicit { _tag: PhantomData<rasn::types::tag::consts::VISIBLE_STRING>, value: "3" } }}, {ServiceInstanceAttributeInner { identifier: ObjectIdentifier([3, 112, 4, 3, 1, 2, 53]), si_attribute_value: Implicit { _tag: PhantomData<rasn::types::tag::consts::VISIBLE_STRING>, value: "facility-PASS1" } }}, {ServiceInstanceAttributeInner { identifier: ObjectIdentifier([3, 112, 4, 3, 1, 2, 38]), si_attribute_value: Implicit { _tag: PhantomData<rasn::types::tag::consts::VISIBLE_STRING>, value: "1" } }}, {ServiceInstanceAttributeInner { identifier: ObjectIdentifier([3, 112, 4, 3, 1, 2, 22]), si_attribute_value: Implicit { _tag: PhantomData<rasn::types::tag::consts::VISIBLE_STRING>, value: "onlc1" } }}] }
ERROR - Error encoding SLE message: Error encoding PDU to ASN1: `OBJECT IDENTIFIER` must have at least two components.
INFO - RAF Client started
INFO - Connecting to localhost:5100...
INFO - RAF Client started
INFO - Connecting to localhost:5100...
INFO - OID: ConstOid([3, 112, 4, 3, 1, 2, 52])
INFO - OID: [3, 112, 4, 3, 1, 2, 52]
INFO - RAF Client started
INFO - Connecting to localhost:5100...
INFO - OID: ConstOid([3, 112, 4, 3, 1, 2, 52])
INFO - OID: [3, 112, 4, 3, 1, 2, 52]
INFO - OID: ConstOid([3, 112, 4, 3, 1, 2, 53])
INFO - OID: [3, 112, 4, 3, 1, 2, 53]
INFO - OID: ConstOid([3, 112, 4, 3, 1, 2, 38])
INFO - OID: [3, 112, 4, 3, 1, 2, 38]
INFO - OID: ConstOid([3, 112, 4, 3, 1, 2, 22])
INFO - OID: [3, 112, 4, 3, 1, 2, 22]
INFO - Sending BIND invocation: SleBindInvocation { invoker_credentials: Unused, initiator_identifier: Implicit { _tag: PhantomData<rasn::types::tag::consts::VISIBLE_STRING>, value: "SLETT" }, responder_port_identifier: Implicit { _tag: PhantomData<rasn::types::tag::consts::VISIBLE_STRING>, value: "TMPORT" }, service_type: 0, version_number: 4, service_instance_identifier: [{ServiceInstanceAttributeInner { identifier: ObjectIdentifier([3, 112, 4, 3, 1, 2, 52]), si_attribute_value: Implicit { _tag: PhantomData<rasn::types::tag::consts::VISIBLE_STRING>, value: "3" } }}, {ServiceInstanceAttributeInner { identifier: ObjectIdentifier([3, 112, 4, 3, 1, 2, 53]), si_attribute_value: Implicit { _tag: PhantomData<rasn::types::tag::consts::VISIBLE_STRING>, value: "facility-PASS1" } }}, {ServiceInstanceAttributeInner { identifier: ObjectIdentifier([3, 112, 4, 3, 1, 2, 38]), si_attribute_value: Implicit { _tag: PhantomData<rasn::types::tag::consts::VISIBLE_STRING>, value: "1" } }}, {ServiceInstanceAttributeInner { identifier: ObjectIdentifier([3, 112, 4, 3, 1, 2, 22]), si_attribute_value: Implicit { _tag: PhantomData<rasn::types::tag::consts::VISIBLE_STRING>, value: "onlc1" } }}] }
ERROR - Error encoding SLE message: Error encoding PDU to ASN1: `OBJECT IDENTIFIER` must have at least two components.
INFO - RAF Client started
INFO - Connecting to localhost:5100...
INFO - OID: ConstOid([1, 3, 112, 4, 3, 1, 2, 52])
INFO - OID: [1, 3, 112, 4, 3, 1, 2, 52]
INFO - OID: ConstOid([1, 3, 112, 4, 3, 1, 2, 53])
INFO - OID: [1, 3, 112, 4, 3, 1, 2, 53]
INFO - OID: ConstOid([1, 3, 112, 4, 3, 1, 2, 38])
INFO - OID: [1, 3, 112, 4, 3, 1, 2, 38]
INFO - OID: ConstOid([1, 3, 112, 4, 3, 1, 2, 22])
INFO - OID: [1, 3, 112, 4, 3, 1, 2, 22]
INFO - Sending BIND invocation: SleBindInvocation { invoker_credentials: Unused, initiator_identifier: Implicit { _tag: PhantomData<rasn::types::tag::consts::VISIBLE_STRING>, value: "SLETT" }, responder_port_identifier: Implicit { _tag: PhantomData<rasn::types::tag::consts::VISIBLE_STRING>, value: "TMPORT" }, service_type: 0, version_number: 4, service_instance_identifier: [{ServiceInstanceAttributeInner { identifier: ObjectIdentifier([1, 3, 112, 4, 3, 1, 2, 52]), si_attribute_value: Implicit { _tag: PhantomData<rasn::types::tag::consts::VISIBLE_STRING>, value: "3" } }}, {ServiceInstanceAttributeInner { identifier: ObjectIdentifier([1, 3, 112, 4, 3, 1, 2, 53]), si_attribute_value: Implicit { _tag: PhantomData<rasn::types::tag::consts::VISIBLE_STRING>, value: "facility-PASS1" } }}, {ServiceInstanceAttributeInner { identifier: ObjectIdentifier([1, 3, 112, 4, 3, 1, 2, 38]), si_attribute_value: Implicit { _tag: PhantomData<rasn::types::tag::consts::VISIBLE_STRING>, value: "1" } }}, {ServiceInstanceAttributeInner { identifier: ObjectIdentifier([1, 3, 112, 4, 3, 1, 2, 22]), si_attribute_value: Implicit { _tag: PhantomData<rasn::types::tag::consts::VISIBLE_STRING>, value: "onlc1" } }}] }
INFO - RAF Client started
INFO - Connecting to localhost:5100...
INFO - OID: ConstOid([1, 3, 112, 4, 3, 1, 2, 52])
INFO - OID: [1, 3, 112, 4, 3, 1, 2, 52]
INFO - OID: ConstOid([1, 3, 112, 4, 3, 1, 2, 53])
INFO - OID: [1, 3, 112, 4, 3, 1, 2, 53]
INFO - OID: ConstOid([1, 3, 112, 4, 3, 1, 2, 38])
INFO - OID: [1, 3, 112, 4, 3, 1, 2, 38]
INFO - OID: ConstOid([1, 3, 112, 4, 3, 1, 2, 22])
INFO - OID: [1, 3, 112, 4, 3, 1, 2, 22]
INFO - Sending BIND invocation: SleBindInvocation { invoker_credentials: Unused, initiator_identifier: Implicit { _tag: PhantomData<rasn::types::tag::consts::VISIBLE_STRING>, value: "SLETT" }, responder_port_identifier: Implicit { _tag: PhantomData<rasn::types::tag::consts::VISIBLE_STRING>, value: "TMPORT" }, service_type: 0, version_number: 4, service_instance_identifier: [{ServiceInstanceAttributeInner { identifier: ObjectIdentifier([1, 3, 112, 4, 3, 1, 2, 52]), si_attribute_value: Implicit { _tag: PhantomData<rasn::types::tag::consts::VISIBLE_STRING>, value: "3" } }}, {ServiceInstanceAttributeInner { identifier: ObjectIdentifier([1, 3, 112, 4, 3, 1, 2, 53]), si_attribute_value: Implicit { _tag: PhantomData<rasn::types::tag::consts::VISIBLE_STRING>, value: "facility-PASS1" } }}, {ServiceInstanceAttributeInner { identifier: ObjectIdentifier([1, 3, 112, 4, 3, 1, 2, 38]), si_attribute_value: Implicit { _tag: PhantomData<rasn::types::tag::consts::VISIBLE_STRING>, value: "1" } }}, {ServiceInstanceAttributeInner { identifier: ObjectIdentifier([1, 3, 112, 4, 3, 1, 2, 22]), si_attribute_value: Implicit { _tag: PhantomData<rasn::types::tag::consts::VISIBLE_STRING>, value: "onlc1" } }}] }
INFO - Received TML Message: TMLMessage { msg_type: SlePduMessage, length: 19, data: [191, 101, 16, 128, 0, 26, 9, 80, 65, 82, 65, 71, 79, 78, 84, 84, 128, 1, 4] }
INFO - RAF Client started
INFO - Connecting to localhost:5100...
INFO - OID: ConstOid([1, 3, 112, 4, 3, 1, 2, 52])
INFO - OID: [1, 3, 112, 4, 3, 1, 2, 52]
INFO - OID: ConstOid([1, 3, 112, 4, 3, 1, 2, 53])
INFO - OID: [1, 3, 112, 4, 3, 1, 2, 53]
INFO - OID: ConstOid([1, 3, 112, 4, 3, 1, 2, 38])
INFO - OID: [1, 3, 112, 4, 3, 1, 2, 38]
INFO - OID: ConstOid([1, 3, 112, 4, 3, 1, 2, 22])
INFO - OID: [1, 3, 112, 4, 3, 1, 2, 22]
INFO - Sending BIND invocation: SleBindInvocation { invoker_credentials: Unused, initiator_identifier: Implicit { _tag: PhantomData<rasn::types::tag::consts::VISIBLE_STRING>, value: "SLETT" }, responder_port_identifier: Implicit { _tag: PhantomData<rasn::types::tag::consts::VISIBLE_STRING>, value: "TMPORT" }, service_type: 0, version_number: 4, service_instance_identifier: [{ServiceInstanceAttributeInner { identifier: ObjectIdentifier([1, 3, 112, 4, 3, 1, 2, 52]), si_attribute_value: Implicit { _tag: PhantomData<rasn::types::tag::consts::VISIBLE_STRING>, value: "3" } }}, {ServiceInstanceAttributeInner { identifier: ObjectIdentifier([1, 3, 112, 4, 3, 1, 2, 53]), si_attribute_value: Implicit { _tag: PhantomData<rasn::types::tag::consts::VISIBLE_STRING>, value: "facility-PASS1" } }}, {ServiceInstanceAttributeInner { identifier: ObjectIdentifier([1, 3, 112, 4, 3, 1, 2, 38]), si_attribute_value: Implicit { _tag: PhantomData<rasn::types::tag::consts::VISIBLE_STRING>, value: "1" } }}, {ServiceInstanceAttributeInner { identifier: ObjectIdentifier([1, 3, 112, 4, 3, 1, 2, 22]), si_attribute_value: Implicit { _tag: PhantomData<rasn::types::tag::consts::VISIBLE_STRING>, value: "onlc1" } }}] }
INFO - Received TML Message: TMLMessage { msg_type: SlePduMessage, length: 19, data: [191, 101, 16, 128, 0, 26, 9, 80, 65, 82, 65, 71, 79, 78, 84, 84, 128, 1, 4] }
INFO - Received: Ok(SleBindReturn { performer_credentials: Unused, responder_identifier: Implicit { _tag: PhantomData<rasn::types::tag::consts::VISIBLE_STRING>, value: "PARAGONTT" }, result: BindOK(4) })
INFO - RAF Client started
INFO - Connecting to localhost:5100...
INFO - RAF Client started
INFO - Connecting to localhost:5100...
INFO - RAF Client started
INFO - Connecting to localhost:5100...
INFO - RAF Client started
INFO - Connecting to localhost:5100...
INFO - Sending SLE BIND...
INFO - RAF Client started
INFO - Connecting to localhost:5100...
INFO - Sending SLE BIND...
INFO - RAF Client started
INFO - Connecting to localhost:5100...
INFO - Sending SLE BIND...
INFO - Received: SleBindInvocation { invoker_credentials: Unused, initiator_identifier: Implicit { _tag: PhantomData<rasn::types::tag::consts::VISIBLE_STRING>, value: "SLETT" }, responder_port_identifier: Implicit { _tag: PhantomData<rasn::types::tag::consts::VISIBLE_STRING>, value: "TMPORT" }, service_type: 0, version_number: 3, service_instance_identifier: [{ServiceInstanceAttributeInner { identifier: ObjectIdentifier([1, 3, 112, 4, 3, 1, 2, 52]), si_attribute_value: Implicit { _tag: PhantomData<rasn::types::tag::consts::VISIBLE_STRING>, value: "3" } }}, {ServiceInstanceAttributeInner { identifier: ObjectIdentifier([1, 3, 112, 4, 3, 1, 2, 53]), si_attribute_value: Implicit { _tag: PhantomData<rasn::types::tag::consts::VISIBLE_STRING>, value: "facility-PASS1" } }}, {ServiceInstanceAttributeInner { identifier: ObjectIdentifier([1, 3, 112, 4, 3, 1, 2, 38]), si_attribute_value: Implicit { _tag: PhantomData<rasn::types::tag::consts::VISIBLE_STRING>, value: "1" } }}, {ServiceInstanceAttributeInner { identifier: ObjectIdentifier([1, 3, 112, 4, 3, 1, 2, 22]), si_attribute_value: Implicit { _tag: PhantomData<rasn::types::tag::consts::VISIBLE_STRING>, value: "onlc1" } }}] }
INFO - RAF Client started
INFO - Connecting to localhost:5100...
INFO - Sending SLE BIND...
INFO - RAF Client started
INFO - Connecting to localhost:5100...
INFO - Sending SLE BIND...
INFO - Channel has been closed, returning...
INFO - RAF Client started
INFO - Connecting to localhost:5100...
INFO - Sending SLE BIND...
INFO - Iteration starts
INFO - Iteration starts
INFO - Channel has been closed, returning...
INFO - RAF Client started
INFO - Connecting to localhost:5100...
INFO - Sending SLE BIND...
INFO - Iteration starts
INFO - Iteration starts
INFO - Received TML Message: TMLMessage { msg_type: SlePduMessage, length: 19, data: [191, 101, 16, 128, 0, 26, 9, 80, 65, 82, 65, 71, 79, 78, 84, 84, 128, 1, 3] }
INFO - BIND operation successful
INFO - Iteration starts
INFO - RAF Client started
INFO - Connecting to localhost:5100...
INFO - Sending SLE BIND...
INFO - RAF Client started
INFO - Connecting to localhost:5100...
TRACE - registering event source with poller: token=Token(0), interests=READABLE | WRITABLE
TRACE - deregistering event source from poller
TRACE - registering event source with poller: token=Token(16777216), interests=READABLE | WRITABLE
INFO - Sending SLE BIND...
DEBUG - Decoded SLE PDU: Ok(SleBindReturn { performer_credentials: Unused, responder_identifier: Implicit { _tag: PhantomData<rasn::types::tag::consts::VISIBLE_STRING>, value: "PARAGONTT" }, result: BindOK(3) })
INFO - BIND operation successful
TRACE - deregistering event source from poller
INFO - RAF Client started
INFO - Connecting to localhost:5100...
TRACE - registering event source with poller: token=Token(0), interests=READABLE | WRITABLE
TRACE - deregistering event source from poller
TRACE - registering event source with poller: token=Token(16777216), interests=READABLE | WRITABLE
INFO - Sending SLE BIND...
DEBUG - Decoded SLE PDU: Ok(SleBindReturn { performer_credentials: Unused, responder_identifier: Implicit { _tag: PhantomData<rasn::types::tag::consts::VISIBLE_STRING>, value: "PARAGONTT" }, result: BindOK(3) })
INFO - BIND operation successful from responder PARAGONTT
TRACE - deregistering event source from poller
INFO - RAF Client started
INFO - Connecting to localhost:5100...
TRACE - registering event source with poller: token=Token(0), interests=READABLE | WRITABLE
TRACE - deregistering event source from poller
TRACE - registering event source with poller: token=Token(16777216), interests=READABLE | WRITABLE
INFO - Sending SLE BIND...
INFO - Sending SLE UNBIND...
TRACE - deregistering event source from poller
INFO - RAF Client started
INFO - Connecting to localhost:5100...
TRACE - registering event source with poller: token=Token(0), interests=READABLE | WRITABLE
TRACE - deregistering event source from poller
TRACE - registering event source with poller: token=Token(16777216), interests=READABLE | WRITABLE
INFO - Sending SLE BIND...
DEBUG - Decoded SLE PDU: Ok(SleBindReturn { performer_credentials: Unused, responder_identifier: Implicit { _tag: PhantomData<rasn::types::tag::consts::VISIBLE_STRING>, value: "PARAGONTT" }, result: BindOK(3) })
INFO - BIND operation successful from responder PARAGONTT
INFO - Sending SLE UNBIND...
DEBUG - Decoded SLE PDU: Ok(SleUnbindReturn { responder_credentials: Unused, result: () })
INFO - UNBIND operation successful
TRACE - deregistering event source from poller
